<?xml version="1.0" encoding="UTF-8"?>
<!-- Generated by org.testng.reporters.JUnitReportReporter -->
<testsuite hostname="DESKTOP-1PHE2Q8" failures="0" tests="2" name="Cucumber.TestNGTestRunner" time="35.158" errors="0" timestamp="2024-07-03T23:54:52 IST" skipped="0">
  <testcase classname="Cucumber.TestNGTestRunner" name="runScenario" time="16.258"/>
  <testcase classname="Cucumber.TestNGTestRunner" name="runScenario" time="18.900"/>
</testsuite> <!-- Cucumber.TestNGTestRunner -->
