<?xml version="1.0" encoding="UTF-8"?>
<!-- Generated by org.testng.reporters.JUnitReportReporter -->
<testsuite hostname="DESKTOP-1PHE2Q8" failures="0" tests="3" name="rahulshettyacademy.SubmitOrderTest" time="60.821" errors="0" timestamp="2024-07-02T11:57:38 IST" skipped="0">
  <testcase classname="rahulshettyacademy.SubmitOrderTest" name="submitOrder" time="19.534"/>
  <testcase classname="rahulshettyacademy.SubmitOrderTest" name="submitOrder" time="16.522"/>
  <testcase classname="rahulshettyacademy.SubmitOrderTest" name="verfiyCartAfterOrder" time="24.765"/>
</testsuite> <!-- rahulshettyacademy.SubmitOrderTest -->
