<?xml version="1.0" encoding="UTF-8"?>
<!-- Generated by org.testng.reporters.JUnitReportReporter -->
<testsuite hostname="DESKTOP-1PHE2Q8" failures="0" tests="2" name="rahulshettyacademy.SubmitOrderTest" time="53.997" errors="0" timestamp="2024-07-02T18:57:50 IST" skipped="0">
  <testcase classname="rahulshettyacademy.SubmitOrderTest" name="submitOrder" time="34.461"/>
  <testcase classname="rahulshettyacademy.SubmitOrderTest" name="submitOrder" time="19.536"/>
</testsuite> <!-- rahulshettyacademy.SubmitOrderTest -->
