<?xml version="1.0" encoding="UTF-8"?>
<!-- Generated by org.testng.reporters.JUnitReportReporter -->
<testsuite hostname="DESKTOP-1PHE2Q8" failures="0" tests="1" name="rahulshettyacademy.ErrorValidationTest" time="33.250" errors="0" timestamp="2024-07-02T19:11:55 IST" skipped="0">
  <testcase classname="rahulshettyacademy.ErrorValidationTest" name="chkAgreeErrorValidation" time="33.250"/>
</testsuite> <!-- rahulshettyacademy.ErrorValidationTest -->
