<?xml version="1.0" encoding="UTF-8"?>
<!-- Generated by org.testng.reporters.JUnitReportReporter -->
<testsuite hostname="DESKTOP-1PHE2Q8" failures="0" tests="2" name="Cucumber.TestNGTestRunner" time="51.365" errors="0" timestamp="2024-07-04T00:26:05 IST" skipped="0">
  <testcase classname="Cucumber.TestNGTestRunner" name="runScenario" time="21.656"/>
  <testcase classname="Cucumber.TestNGTestRunner" name="runScenario" time="29.709"/>
</testsuite> <!-- Cucumber.TestNGTestRunner -->
